   Compiling bladb-gateway v0.1.0 (D:\study\bladb\crates\bladb-gateway)
error: linking with `x86_64-w64-mingw32-gcc` failed: exit code: 1
  |
  = note: "x86_64-w64-mingw32-gcc" "-fno-use-linker-plugin" "-Wl,--dynamicbase" "-Wl,--disable-auto-image-base" "-m64" "-Wl,--high-entropy-va" "<sysroot>\\lib\\rustlib\\x86_64-pc-windows-gnu\\lib\\self-contained\\crt2.o" "D:\\study\\bladb\\target\\debug\\deps\\rustcFI5HXh\\symbols.o" "<121 object files omitted>" "-Wl,-Bstatic" "D:\\study\\bladb\\target\\debug\\deps/{libbladb_gateway-b2d6c0caf352030b,libureq-49bf169aac2bf208,libwebpki_roots-199e559ab998e830,libwebpki_roots-150c0edc198185f8,libonce_cell-2565311cad9f2da9,libflate2-c5c0a51995ee870e,libminiz_oxide-58495489f1eb1297,libsimd_adler32-ede43e9919dd2057,libcrc32fast-ecb374be7ad901e2,libbase64-510c46cac5003158,liburl-e89925d225649dc8,libidna-cf69d4528af5475c,libidna_adapter-878676fe045284ee,libicu_properties-f73da3b906277bd7,libicu_properties_data-823c70723a5773e7,libicu_normalizer-b31a71ea5963651c,libsmallvec-2d1d2a4abf63bbf5,libicu_normalizer_data-67128706f18069cf,libicu_collections-7715fc90cbeb51a5,libutf8_iter-750510237b1ffb7d,libpotential_utf-7eb794bad48ddf2e,libicu_provider-bcaff5357649be5d,libicu_locale_core-f7b3251892023e27,libtinystr-967bd7deaf8a66a1,liblitemap-a7f701a892976e78,libwriteable-3a1ea15be5c6047c,libzerovec-02cb8cb8fb75bd78,libzerotrie-3191aba3e22845e0,libyoke-e3aec3c6a940e204,libstable_deref_trait-e11c66869e64fa55,libzerofrom-c2ca4834e6246fdb,libform_urlencoded-37ce9bbfba53786c,libpercent_encoding-06c3830e86c6ecfc,librustls-7f99c13ee5fda9c9,libsubtle-dfd89847b72ef913,libwebpki-3d78f2bbac5be45f,libring-485630795a798d1a,libgetrandom-9a842e1eb2a922fe,libuntrusted-ea24844772c51cb5,libcfg_if-26ef73b6fc7ab60c,librustls_pki_types-1a2f18d8fe9c9e91,libzeroize-0a760ccc14e22f53,liblog-9c7b9acb03317ebd,libbladb_core-7792dbb35cc96819,libserde_yaml-d54b5df124fbd8d2,libindexmap-2fa6ea8cedb5981e,libequivalent-f9867ec3b95f0550,libhashbrown-8a8e691a3c41926e,libunsafe_libyaml-cc753473d69475d6,libthiserror-f6e422140ac0bf23,libserde_json-99952c12f22a2185,libmemchr-56793ee0819d7355,libitoa-2671aa452abccd39,libryu-b98bae970ed73c83,libserde-160e37a10082da22}.rlib" "<sysroot>\\lib\\rustlib\\x86_64-pc-windows-gnu\\lib/{libstd-*,libpanic_unwind-*,libobject-*,libmemchr-*,libaddr2line-*,libgimli-*,libcfg_if-*,libwindows_link-*,librustc_demangle-*,libstd_detect-*,libhashbrown-*,librustc_std_workspace_alloc-*,libminiz_oxide-*,libadler2-*,libunwind-*,liblibc-*,librustc_std_workspace_core-*,liballoc-*,libcore-*,libcompiler_builtins-*}.rlib" "-Wl,-Bdynamic" "-lbcrypt" "-ladvapi32" "-lkernel32" "-lkernel32" "-lkernel32" "-lntdll" "-luserenv" "-lws2_32" "-ldbghelp" "-lgcc_eh" "-l:libpthread.a" "-lmsvcrt" "-lmingwex" "-lmingw32" "-lgcc" "-lmsvcrt" "-lmingwex" "-luser32" "-lkernel32" "-Wl,--nxcompat" "-nostartfiles" "-L" "D:\\study\\bladb\\target\\debug\\build\\ring-8d4836066c971a6e\\out" "-L" "<sysroot>\\lib\\rustlib\\x86_64-pc-windows-gnu\\lib\\self-contained" "-o" "D:\\study\\bladb\\target\\debug\\deps\\bladb_gateway.exe" "-Wl,--gc-sections" "-nodefaultlibs"
  = note: some arguments are omitted. use `--verbose` to show all linker arguments
  = note: Warning: corrupt .drectve at end of def file
          Warning: corrupt .drectve at end of def file
          Warning: corrupt .drectve at end of def file
          Warning: corrupt .drectve at end of def file
          Warning: corrupt .drectve at end of def file
          Warning: corrupt .drectve at end of def file
          Warning: corrupt .drectve at end of def file
          Warning: corrupt .drectve at end of def file
          Warning: corrupt .drectve at end of def file
          Warning: corrupt .drectve at end of def file
          Warning: corrupt .drectve at end of def file
          Warning: corrupt .drectve at end of def file
          ld: D:\study\bladb\target\debug\deps\libring-485630795a798d1a.rlib(D:/study/bladb/target/debug/build/ring-8d4836066c971a6e/out/e46c95d99eadae07-p256-nistz.o):(.text$mn+0x28): undefined reference to `__security_cookie'
          ld: D:\study\bladb\target\debug\deps\libring-485630795a798d1a.rlib(D:/study/bladb/target/debug/build/ring-8d4836066c971a6e/out/e46c95d99eadae07-p256-nistz.o):(.text$mn+0x6ec): undefined reference to `__security_check_cookie'
          ld: D:\study\bladb\target\debug\deps\libring-485630795a798d1a.rlib(D:/study/bladb/target/debug/build/ring-8d4836066c971a6e/out/e46c95d99eadae07-p256-nistz.o):(.text$mn+0x28): undefined reference to `__security_cookie'
          ld: D:\study\bladb\target\debug\deps\libring-485630795a798d1a.rlib(D:/study/bladb/target/debug/build/ring-8d4836066c971a6e/out/e46c95d99eadae07-p256-nistz.o):(.text$mn+0xd8): undefined reference to `__security_check_cookie'
          ld: D:\study\bladb\target\debug\deps\libring-485630795a798d1a.rlib(D:/study/bladb/target/debug/build/ring-8d4836066c971a6e/out/e46c95d99eadae07-p256-nistz.o):(.text$mn+0x1e): undefined reference to `__security_cookie'
          ld: D:\study\bladb\target\debug\deps\libring-485630795a798d1a.rlib(D:/study/bladb/target/debug/build/ring-8d4836066c971a6e/out/e46c95d99eadae07-p256-nistz.o):(.text$mn+0x23f): undefined reference to `__security_check_cookie'
          ld: D:\study\bladb\target\debug\deps\libring-485630795a798d1a.rlib(D:/study/bladb/target/debug/build/ring-8d4836066c971a6e/out/e46c95d99eadae07-p256-nistz.o):(.text$mn+0x1e): undefined reference to `__security_cookie'
          ld: D:\study\bladb\target\debug\deps\libring-485630795a798d1a.rlib(D:/study/bladb/target/debug/build/ring-8d4836066c971a6e/out/e46c95d99eadae07-p256-nistz.o):(.text$mn+0x5e): undefined reference to `__report_rangecheckfailure'
          ld: D:\study\bladb\target\debug\deps\libring-485630795a798d1a.rlib(D:/study/bladb/target/debug/build/ring-8d4836066c971a6e/out/e46c95d99eadae07-p256-nistz.o):(.text$mn+0x2b6): undefined reference to `__security_check_cookie'
          ld: D:\study\bladb\target\debug\deps\libring-485630795a798d1a.rlib(D:/study/bladb/target/debug/build/ring-8d4836066c971a6e/out/e46c95d99eadae07-p256-nistz.o):(.xdata[$unwind$ecp_nistz256_windowed_mul]+0xc): undefined reference to `__GSHandlerCheck'
          ld: D:\study\bladb\target\debug\deps\libring-485630795a798d1a.rlib(D:/study/bladb/target/debug/build/ring-8d4836066c971a6e/out/e46c95d99eadae07-p256-nistz.o):(.xdata[$unwind$ring_core_0_17_14__p256_point_mul]+0xc): undefined reference to `__GSHandlerCheck'
          ld: D:\study\bladb\target\debug\deps\libring-485630795a798d1a.rlib(D:/study/bladb/target/debug/build/ring-8d4836066c971a6e/out/e46c95d99eadae07-p256-nistz.o):(.xdata[$unwind$ring_core_0_17_14__p256_point_mul_base]+0xc): undefined reference to `__GSHandlerCheck'
          ld: D:\study\bladb\target\debug\deps\libring-485630795a798d1a.rlib(D:/study/bladb/target/debug/build/ring-8d4836066c971a6e/out/e46c95d99eadae07-p256-nistz.o):(.xdata[$unwind$ring_core_0_17_14__p256_point_mul_base_vartime]+0xc): undefined reference to `__GSHandlerCheck'
          ld: D:\study\bladb\target\debug\deps\libring-485630795a798d1a.rlib(D:/study/bladb/target/debug/build/ring-8d4836066c971a6e/out/f86aece002c00db7-cpu_intel.o):(.text$mn+0x1c): undefined reference to `__security_cookie'
          ld: D:\study\bladb\target\debug\deps\libring-485630795a798d1a.rlib(D:/study/bladb/target/debug/build/ring-8d4836066c971a6e/out/f86aece002c00db7-cpu_intel.o):(.text$mn+0x98): undefined reference to `__security_check_cookie'
          ld: D:\study\bladb\target\debug\deps\libring-485630795a798d1a.rlib(D:/study/bladb/target/debug/build/ring-8d4836066c971a6e/out/f86aece002c00db7-cpu_intel.o):(.xdata[$unwind$OPENSSL_cpuid]+0x8): undefined reference to `__GSHandlerCheck'
          ld: D:\study\bladb\target\debug\deps\libring-485630795a798d1a.rlib(D:/study/bladb/target/debug/build/ring-8d4836066c971a6e/out/79abf3e07b579fd2-poly1305.o):(.text$mn+0x19): undefined reference to `__security_cookie'
          ld: D:\study\bladb\target\debug\deps\libring-485630795a798d1a.rlib(D:/study/bladb/target/debug/build/ring-8d4836066c971a6e/out/79abf3e07b579fd2-poly1305.o):(.text$mn+0x8ab): undefined reference to `__report_rangecheckfailure'
          ld: D:\study\bladb\target\debug\deps\libring-485630795a798d1a.rlib(D:/study/bladb/target/debug/build/ring-8d4836066c971a6e/out/79abf3e07b579fd2-poly1305.o):(.text$mn+0xa04): undefined reference to `__security_check_cookie'
          ld: D:\study\bladb\target\debug\deps\libring-485630795a798d1a.rlib(D:/study/bladb/target/debug/build/ring-8d4836066c971a6e/out/79abf3e07b579fd2-poly1305.o):(.xdata[$unwind$poly1305_update]+0x8): undefined reference to `__GSHandlerCheck'
          ld: D:\study\bladb\target\debug\deps\libring-485630795a798d1a.rlib(D:/study/bladb/target/debug/build/ring-8d4836066c971a6e/out/e46c95d99eadae07-gfp_p384.o):(.text$mn+0x23): undefined reference to `__security_cookie'
          ld: D:\study\bladb\target\debug\deps\libring-485630795a798d1a.rlib(D:/study/bladb/target/debug/build/ring-8d4836066c971a6e/out/e46c95d99eadae07-gfp_p384.o):(.text$mn+0xaa): undefined reference to `__security_check_cookie'
          ld: D:\study\bladb\target\debug\deps\libring-485630795a798d1a.rlib(D:/study/bladb/target/debug/build/ring-8d4836066c971a6e/out/e46c95d99eadae07-gfp_p384.o):(.text$mn+0x14): undefined reference to `__security_cookie'
          ld: D:\study\bladb\target\debug\deps\libring-485630795a798d1a.rlib(D:/study/bladb/target/debug/build/ring-8d4836066c971a6e/out/e46c95d99eadae07-gfp_p384.o):(.text$mn+0x15e): undefined reference to `__security_check_cookie'
          ld: D:\study\bladb\target\debug\deps\libring-485630795a798d1a.rlib(D:/study/bladb/target/debug/build/ring-8d4836066c971a6e/out/e46c95d99eadae07-gfp_p384.o):(.text$mn+0x19): undefined reference to `__security_cookie'
          ld: D:\study\bladb\target\debug\deps\libring-485630795a798d1a.rlib(D:/study/bladb/target/debug/build/ring-8d4836066c971a6e/out/e46c95d99eadae07-gfp_p384.o):(.text$mn+0x4a5): undefined reference to `__security_check_cookie'
          ld: D:\study\bladb\target\debug\deps\libring-485630795a798d1a.rlib(D:/study/bladb/target/debug/build/ring-8d4836066c971a6e/out/e46c95d99eadae07-gfp_p384.o):(.text$mn+0x14): undefined reference to `__security_cookie'
          ld: D:\study\bladb\target\debug\deps\libring-485630795a798d1a.rlib(D:/study/bladb/target/debug/build/ring-8d4836066c971a6e/out/e46c95d99eadae07-gfp_p384.o):(.text$mn+0x1f3): undefined reference to `__security_check_cookie'
          ld: D:\study\bladb\target\debug\deps\libring-485630795a798d1a.rlib(D:/study/bladb/target/debug/build/ring-8d4836066c971a6e/out/e46c95d99eadae07-gfp_p384.o):(.text$mn+0x28): undefined reference to `__security_cookie'
          ld: D:\study\bladb\target\debug\deps\libring-485630795a798d1a.rlib(D:/study/bladb/target/debug/build/ring-8d4836066c971a6e/out/e46c95d99eadae07-gfp_p384.o):(.text$mn+0x659): undefined reference to `__security_check_cookie'
          ld: D:\study\bladb\target\debug\deps\libring-485630795a798d1a.rlib(D:/study/bladb/target/debug/build/ring-8d4836066c971a6e/out/e46c95d99eadae07-gfp_p384.o):(.text$mn+0x19): undefined reference to `__security_cookie'
          ld: D:\study\bladb\target\debug\deps\libring-485630795a798d1a.rlib(D:/study/bladb/target/debug/build/ring-8d4836066c971a6e/out/e46c95d99eadae07-gfp_p384.o):(.text$mn+0x1f3): undefined reference to `__security_check_cookie'
          ld: D:\study\bladb\target\debug\deps\libring-485630795a798d1a.rlib(D:/study/bladb/target/debug/build/ring-8d4836066c971a6e/out/e46c95d99eadae07-gfp_p384.o):(.text$mn+0x19): undefined reference to `__security_cookie'
          ld: D:\study\bladb\target\debug\deps\libring-485630795a798d1a.rlib(D:/study/bladb/target/debug/build/ring-8d4836066c971a6e/out/e46c95d99eadae07-gfp_p384.o):(.text$mn+0x1d5): undefined reference to `__security_check_cookie'
          ld: D:\study\bladb\target\debug\deps\libring-485630795a798d1a.rlib(D:/study/bladb/target/debug/build/ring-8d4836066c971a6e/out/e46c95d99eadae07-gfp_p384.o):(.text$mn+0x14): undefined reference to `__security_cookie'
          ld: D:\study\bladb\target\debug\deps\libring-485630795a798d1a.rlib(D:/study/bladb/target/debug/build/ring-8d4836066c971a6e/out/e46c95d99eadae07-gfp_p384.o):(.text$mn+0x141): undefined reference to `__security_check_cookie'
          ld: D:\study\bladb\target\debug\deps\libring-485630795a798d1a.rlib(D:/study/bladb/target/debug/build/ring-8d4836066c971a6e/out/e46c95d99eadae07-gfp_p384.o):(.text$mn+0x28): undefined reference to `__security_cookie'
          ld: D:\study\bladb\target\debug\deps\libring-485630795a798d1a.rlib(D:/study/bladb/target/debug/build/ring-8d4836066c971a6e/out/e46c95d99eadae07-gfp_p384.o):(.text$mn+0xde): undefined reference to `__security_check_cookie'
          ld: D:\study\bladb\target\debug\deps\libring-485630795a798d1a.rlib(D:/study/bladb/target/debug/build/ring-8d4836066c971a6e/out/e46c95d99eadae07-gfp_p384.o):(.xdata[$unwind$elem_div_by_2]+0x8): undefined reference to `__GSHandlerCheck'
          ld: D:\study\bladb\target\debug\deps\libring-485630795a798d1a.rlib(D:/study/bladb/target/debug/build/ring-8d4836066c971a6e/out/e46c95d99eadae07-gfp_p384.o):(.xdata[$unwind$elem_mul_by_3]+0x8): undefined reference to `__GSHandlerCheck'
          ld: D:\study\bladb\target\debug\deps\libring-485630795a798d1a.rlib(D:/study/bladb/target/debug/build/ring-8d4836066c971a6e/out/e46c95d99eadae07-gfp_p384.o):(.xdata[$unwind$p384_point_select_w5]+0x8): undefined reference to `__GSHandlerCheck'
          ld: D:\study\bladb\target\debug\deps\libring-485630795a798d1a.rlib(D:/study/bladb/target/debug/build/ring-8d4836066c971a6e/out/e46c95d99eadae07-gfp_p384.o):(.xdata[$unwind$nistz384_point_double]+0x8): undefined reference to `__GSHandlerCheck'
          ld: D:\study\bladb\target\debug\deps\libring-485630795a798d1a.rlib(D:/study/bladb/target/debug/build/ring-8d4836066c971a6e/out/e46c95d99eadae07-gfp_p384.o):(.xdata[$unwind$nistz384_point_add]+0x8): undefined reference to `__GSHandlerCheck'
          ld: D:\study\bladb\target\debug\deps\libring-485630795a798d1a.rlib(D:/study/bladb/target/debug/build/ring-8d4836066c971a6e/out/e46c95d99eadae07-gfp_p384.o):(.xdata[$unwind$add_precomputed_w5]+0xc): more undefined references to `__GSHandlerCheck' follow
          ld: D:\study\bladb\target\debug\deps\libring-485630795a798d1a.rlib(D:/study/bladb/target/debug/build/ring-8d4836066c971a6e/out/3c60697ff6d5dd9e-aes_nohw.o):(.text$mn+0x1b): undefined reference to `__security_cookie'
          ld: D:\study\bladb\target\debug\deps\libring-485630795a798d1a.rlib(D:/study/bladb/target/debug/build/ring-8d4836066c971a6e/out/3c60697ff6d5dd9e-aes_nohw.o):(.text$mn+0xb7): undefined reference to `__security_check_cookie'
          ld: D:\study\bladb\target\debug\deps\libring-485630795a798d1a.rlib(D:/study/bladb/target/debug/build/ring-8d4836066c971a6e/out/3c60697ff6d5dd9e-aes_nohw.o):(.text$mn+0x11): undefined reference to `__security_cookie'
          ld: D:\study\bladb\target\debug\deps\libring-485630795a798d1a.rlib(D:/study/bladb/target/debug/build/ring-8d4836066c971a6e/out/3c60697ff6d5dd9e-aes_nohw.o):(.text$mn+0x81): undefined reference to `__security_check_cookie'
          ld: D:\study\bladb\target\debug\deps\libring-485630795a798d1a.rlib(D:/study/bladb/target/debug/build/ring-8d4836066c971a6e/out/3c60697ff6d5dd9e-aes_nohw.o):(.text$mn+0x1e): undefined reference to `__security_cookie'
          ld: D:\study\bladb\target\debug\deps\libring-485630795a798d1a.rlib(D:/study/bladb/target/debug/build/ring-8d4836066c971a6e/out/3c60697ff6d5dd9e-aes_nohw.o):(.text$mn+0x251): undefined reference to `__security_check_cookie'
          ld: D:\study\bladb\target\debug\deps\libring-485630795a798d1a.rlib(D:/study/bladb/target/debug/build/ring-8d4836066c971a6e/out/3c60697ff6d5dd9e-aes_nohw.o):(.text$mn+0x19): undefined reference to `__security_cookie'
          ld: D:\study\bladb\target\debug\deps\libring-485630795a798d1a.rlib(D:/study/bladb/target/debug/build/ring-8d4836066c971a6e/out/3c60697ff6d5dd9e-aes_nohw.o):(.text$mn+0x95): undefined reference to `__security_check_cookie'
          ld: D:\study\bladb\target\debug\deps\libring-485630795a798d1a.rlib(D:/study/bladb/target/debug/build/ring-8d4836066c971a6e/out/3c60697ff6d5dd9e-aes_nohw.o):(.xdata[$unwind$aes_nohw_from_batch]+0xc): undefined reference to `__GSHandlerCheck'
          ld: D:\study\bladb\target\debug\deps\libring-485630795a798d1a.rlib(D:/study/bladb/target/debug/build/ring-8d4836066c971a6e/out/3c60697ff6d5dd9e-aes_nohw.o):(.xdata[$unwind$aes_nohw_sub_block]+0x8): undefined reference to `__GSHandlerCheck'
          ld: D:\study\bladb\target\debug\deps\libring-485630795a798d1a.rlib(D:/study/bladb/target/debug/build/ring-8d4836066c971a6e/out/3c60697ff6d5dd9e-aes_nohw.o):(.xdata[$unwind$ring_core_0_17_14__aes_nohw_encrypt]+0x8): undefined reference to `__GSHandlerCheck'
          ld: D:\study\bladb\target\debug\deps\libring-485630795a798d1a.rlib(D:/study/bladb/target/debug/build/ring-8d4836066c971a6e/out/3c60697ff6d5dd9e-aes_nohw.o):(.xdata[$unwind$ring_core_0_17_14__aes_nohw_ctr32_encrypt_blocks]+0x8): undefined reference to `__GSHandlerCheck'
          ld: D:\study\bladb\target\debug\deps\libring-485630795a798d1a.rlib(D:/study/bladb/target/debug/build/ring-8d4836066c971a6e/out/73090ba2100ad232-curve25519.o):(.text$mn+0x11): undefined reference to `__security_cookie'
          ld: D:\study\bladb\target\debug\deps\libring-485630795a798d1a.rlib(D:/study/bladb/target/debug/build/ring-8d4836066c971a6e/out/73090ba2100ad232-curve25519.o):(.text$mn+0x69): undefined reference to `__security_check_cookie'
          ld: D:\study\bladb\target\debug\deps\libring-485630795a798d1a.rlib(D:/study/bladb/target/debug/build/ring-8d4836066c971a6e/out/73090ba2100ad232-curve25519.o):(.text$mn+0x11): undefined reference to `__security_cookie'
          ld: D:\study\bladb\target\debug\deps\libring-485630795a798d1a.rlib(D:/study/bladb/target/debug/build/ring-8d4836066c971a6e/out/73090ba2100ad232-curve25519.o):(.text$mn+0x45): undefined reference to `__security_check_cookie'
          ld: D:\study\bladb\target\debug\deps\libring-485630795a798d1a.rlib(D:/study/bladb/target/debug/build/ring-8d4836066c971a6e/out/73090ba2100ad232-curve25519.o):(.text$mn+0xc): undefined reference to `__security_cookie'
          ld: D:\study\bladb\target\debug\deps\libring-485630795a798d1a.rlib(D:/study/bladb/target/debug/build/ring-8d4836066c971a6e/out/73090ba2100ad232-curve25519.o):(.text$mn+0x41): undefined reference to `__security_check_cookie'
          ld: D:\study\bladb\target\debug\deps\libring-485630795a798d1a.rlib(D:/study/bladb/target/debug/build/ring-8d4836066c971a6e/out/73090ba2100ad232-curve25519.o):(.text$mn+0xf): undefined reference to `__security_cookie'
          ld: D:\study\bladb\target\debug\deps\libring-485630795a798d1a.rlib(D:/study/bladb/target/debug/build/ring-8d4836066c971a6e/out/73090ba2100ad232-curve25519.o):(.text$mn+0x76): undefined reference to `__security_check_cookie'
          ld: D:\study\bladb\target\debug\deps\libring-485630795a798d1a.rlib(D:/study/bladb/target/debug/build/ring-8d4836066c971a6e/out/73090ba2100ad232-curve25519.o):(.text$mn+0x14): undefined reference to `__security_cookie'
          ld: D:\study\bladb\target\debug\deps\libring-485630795a798d1a.rlib(D:/study/bladb/target/debug/build/ring-8d4836066c971a6e/out/73090ba2100ad232-curve25519.o):(.text$mn+0x36a): undefined reference to `__security_check_cookie'
          ld: D:\study\bladb\target\debug\deps\libring-485630795a798d1a.rlib(D:/study/bladb/target/debug/build/ring-8d4836066c971a6e/out/73090ba2100ad232-curve25519.o):(.text$mn+0x14): undefined reference to `__security_cookie'
          ld: D:\study\bladb\target\debug\deps\libring-485630795a798d1a.rlib(D:/study/bladb/target/debug/build/ring-8d4836066c971a6e/out/73090ba2100ad232-curve25519.o):(.text$mn+0x35b): undefined reference to `__security_check_cookie'
          ld: D:\study\bladb\target\debug\deps\libring-485630795a798d1a.rlib(D:/study/bladb/target/debug/build/ring-8d4836066c971a6e/out/73090ba2100ad232-curve25519.o):(.text$mn+0x11): undefined reference to `__security_cookie'
          ld: D:\study\bladb\target\debug\deps\libring-485630795a798d1a.rlib(D:/study/bladb/target/debug/build/ring-8d4836066c971a6e/out/73090ba2100ad232-curve25519.o):(.text$mn+0x59): undefined reference to `__security_check_cookie'
          ld: D:\study\bladb\target\debug\deps\libring-485630795a798d1a.rlib(D:/study/bladb/target/debug/build/ring-8d4836066c971a6e/out/73090ba2100ad232-curve25519.o):(.text$mn+0x1e): undefined reference to `__security_cookie'
          ld: D:\study\bladb\target\debug\deps\libring-485630795a798d1a.rlib(D:/study/bladb/target/debug/build/ring-8d4836066c971a6e/out/73090ba2100ad232-curve25519.o):(.text$mn+0x523): undefined reference to `__security_check_cookie'
          ld: D:\study\bladb\target\debug\deps\libring-485630795a798d1a.rlib(D:/study/bladb/target/debug/build/ring-8d4836066c971a6e/out/73090ba2100ad232-curve25519.o):(.text$mn+0x19): undefined reference to `__security_cookie'
          ld: D:\study\bladb\target\debug\deps\libring-485630795a798d1a.rlib(D:/study/bladb/target/debug/build/ring-8d4836066c971a6e/out/73090ba2100ad232-curve25519.o):(.text$mn+0x1e3): undefined reference to `__security_check_cookie'
          ld: D:\study\bladb\target\debug\deps\libring-485630795a798d1a.rlib(D:/study/bladb/target/debug/build/ring-8d4836066c971a6e/out/73090ba2100ad232-curve25519.o):(.text$mn+0x19): undefined reference to `__security_cookie'
          ld: D:\study\bladb\target\debug\deps\libring-485630795a798d1a.rlib(D:/study/bladb/target/debug/build/ring-8d4836066c971a6e/out/73090ba2100ad232-curve25519.o):(.text$mn+0x1e3): undefined reference to `__security_check_cookie'
          ld: D:\study\bladb\target\debug\deps\libring-485630795a798d1a.rlib(D:/study/bladb/target/debug/build/ring-8d4836066c971a6e/out/73090ba2100ad232-curve25519.o):(.text$mn+0x14): undefined reference to `__security_cookie'
          ld: D:\study\bladb\target\debug\deps\libring-485630795a798d1a.rlib(D:/study/bladb/target/debug/build/ring-8d4836066c971a6e/out/73090ba2100ad232-curve25519.o):(.text$mn+0x174): undefined reference to `__security_check_cookie'
          ld: D:\study\bladb\target\debug\deps\libring-485630795a798d1a.rlib(D:/study/bladb/target/debug/build/ring-8d4836066c971a6e/out/73090ba2100ad232-curve25519.o):(.text$mn+0x14): undefined reference to `__security_cookie'
          ld: D:\study\bladb\target\debug\deps\libring-485630795a798d1a.rlib(D:/study/bladb/target/debug/build/ring-8d4836066c971a6e/out/73090ba2100ad232-curve25519.o):(.text$mn+0x54): undefined reference to `__security_check_cookie'
          ld: D:\study\bladb\target\debug\deps\libring-485630795a798d1a.rlib(D:/study/bladb/target/debug/build/ring-8d4836066c971a6e/out/73090ba2100ad232-curve25519.o):(.text$mn+0xc): undefined reference to `__security_cookie'
          ld: D:\study\bladb\target\debug\deps\libring-485630795a798d1a.rlib(D:/study/bladb/target/debug/build/ring-8d4836066c971a6e/out/73090ba2100ad232-curve25519.o):(.text$mn+0x40): undefined reference to `__security_check_cookie'
          ld: D:\study\bladb\target\debug\deps\libring-485630795a798d1a.rlib(D:/study/bladb/target/debug/build/ring-8d4836066c971a6e/out/73090ba2100ad232-curve25519.o):(.text$mn+0x14): undefined reference to `__security_cookie'
          ld: D:\study\bladb\target\debug\deps\libring-485630795a798d1a.rlib(D:/study/bladb/target/debug/build/ring-8d4836066c971a6e/out/73090ba2100ad232-curve25519.o):(.text$mn+0x268): undefined reference to `__security_check_cookie'
          ld: D:\study\bladb\target\debug\deps\libring-485630795a798d1a.rlib(D:/study/bladb/target/debug/build/ring-8d4836066c971a6e/out/73090ba2100ad232-curve25519.o):(.text$mn+0x19): undefined reference to `__security_cookie'
          ld: D:\study\bladb\target\debug\deps\libring-485630795a798d1a.rlib(D:/study/bladb/target/debug/build/ring-8d4836066c971a6e/out/73090ba2100ad232-curve25519.o):(.text$mn+0x2e0): undefined reference to `__security_check_cookie'
          ld: D:\study\bladb\target\debug\deps\libring-485630795a798d1a.rlib(D:/study/bladb/target/debug/build/ring-8d4836066c971a6e/out/73090ba2100ad232-curve25519.o):(.text$mn+0x19): undefined reference to `__security_cookie'
          ld: D:\study\bladb\target\debug\deps\libring-485630795a798d1a.rlib(D:/study/bladb/target/debug/build/ring-8d4836066c971a6e/out/73090ba2100ad232-curve25519.o):(.text$mn+0xd6): undefined reference to `__security_check_cookie'
          ld: D:\study\bladb\target\debug\deps\libring-485630795a798d1a.rlib(D:/study/bladb/target/debug/build/ring-8d4836066c971a6e/out/73090ba2100ad232-curve25519.o):(.text$mn+0x19): undefined reference to `__security_cookie'
          ld: D:\study\bladb\target\debug\deps\libring-485630795a798d1a.rlib(D:/study/bladb/target/debug/build/ring-8d4836066c971a6e/out/73090ba2100ad232-curve25519.o):(.text$mn+0x35b): undefined reference to `__security_check_cookie'
          ld: D:\study\bladb\target\debug\deps\libring-485630795a798d1a.rlib(D:/study/bladb/target/debug/build/ring-8d4836066c971a6e/out/73090ba2100ad232-curve25519.o):(.text$mn+0x19): undefined reference to `__security_cookie'
          ld: D:\study\bladb\target\debug\deps\libring-485630795a798d1a.rlib(D:/study/bladb/target/debug/build/ring-8d4836066c971a6e/out/73090ba2100ad232-curve25519.o):(.text$mn+0x251): undefined reference to `__security_check_cookie'
          ld: D:\study\bladb\target\debug\deps\libring-485630795a798d1a.rlib(D:/study/bladb/target/debug/build/ring-8d4836066c971a6e/out/73090ba2100ad232-curve25519.o):(.text$mn+0x19): undefined reference to `__security_cookie'
          ld: D:\study\bladb\target\debug\deps\libring-485630795a798d1a.rlib(D:/study/bladb/target/debug/build/ring-8d4836066c971a6e/out/73090ba2100ad232-curve25519.o):(.text$mn+0x1f6): undefined reference to `__security_check_cookie'
          ld: D:\study\bladb\target\debug\deps\libring-485630795a798d1a.rlib(D:/study/bladb/target/debug/build/ring-8d4836066c971a6e/out/73090ba2100ad232-curve25519.o):(.text$mn+0x19): undefined reference to `__security_cookie'
          ld: D:\study\bladb\target\debug\deps\libring-485630795a798d1a.rlib(D:/study/bladb/target/debug/build/ring-8d4836066c971a6e/out/73090ba2100ad232-curve25519.o):(.text$mn+0x1f6): undefined reference to `__security_check_cookie'
          ld: D:\study\bladb\target\debug\deps\libring-485630795a798d1a.rlib(D:/study/bladb/target/debug/build/ring-8d4836066c971a6e/out/73090ba2100ad232-curve25519.o):(.xdata[$unwind$fe_frombytes]+0x8): undefined reference to `__GSHandlerCheck'
          ld: D:\study\bladb\target\debug\deps\libring-485630795a798d1a.rlib(D:/study/bladb/target/debug/build/ring-8d4836066c971a6e/out/73090ba2100ad232-curve25519.o):(.xdata[$unwind$fe_loose_invert]+0x8): undefined reference to `__GSHandlerCheck'
          ld: D:\study\bladb\target\debug\deps\libring-485630795a798d1a.rlib(D:/study/bladb/target/debug/build/ring-8d4836066c971a6e/out/73090ba2100ad232-curve25519.o):(.xdata[$unwind$fe_invert]+0x8): undefined reference to `__GSHandlerCheck'
          ld: D:\study\bladb\target\debug\deps\libring-485630795a798d1a.rlib(D:/study/bladb/target/debug/build/ring-8d4836066c971a6e/out/73090ba2100ad232-curve25519.o):(.xdata[$unwind$fe_isnonzero]+0x8): undefined reference to `__GSHandlerCheck'
          ld: D:\study\bladb\target\debug\deps\libring-485630795a798d1a.rlib(D:/study/bladb/target/debug/build/ring-8d4836066c971a6e/out/73090ba2100ad232-curve25519.o):(.xdata[$unwind$fe_isnegative]+0x8): undefined reference to `__GSHandlerCheck'
          ld: D:\study\bladb\target\debug\deps\libring-485630795a798d1a.rlib(D:/study/bladb/target/debug/build/ring-8d4836066c971a6e/out/73090ba2100ad232-curve25519.o):(.xdata[$unwind$fe_sq2_tt]+0x8): more undefined references to `__GSHandlerCheck' follow
          
  = note: some `extern` functions couldn't be found; some native libraries may need to be installed or have their path specified
  = note: use the `-l` flag to specify native libraries to link
  = note: use the `cargo:rustc-link-lib` directive to specify the native libraries to link with Cargo (see https://doc.rust-lang.org/cargo/reference/build-scripts.html#rustc-link-lib)

error: could not compile `bladb-gateway` (bin "bladb-gateway") due to 1 previous error
